[2021-02-17T16:05:10.560] [DEBUG] application - debug
[2021-02-17T16:05:10.563] [INFO] application - info
[2021-02-17T16:05:10.563] [ERROR] application - error
[2021-02-17T16:05:10.563] [FATAL] application - fatal
[2021-02-17T16:05:11.195] [DEBUG] signaling - debug
[2021-02-17T16:05:11.195] [INFO] signaling - info
[2021-02-17T16:05:11.196] [ERROR] signaling - error
[2021-02-17T16:05:11.196] [FATAL] signaling - fatal
[2021-02-17T16:05:11.247] [INFO] normal - HTTP to HTTPS redirect app launched.
[2021-02-17T16:05:11.248] [INFO] normal - ------------------------------ domainURL : https://localhost:443/
[2021-02-17T16:05:11.248] [INFO] normal - socket.io is listening at:
[2021-02-17T16:05:11.248] [INFO] normal - [31m%s[0m 	https://localhost:443/
[2021-02-17T16:05:11.248] [INFO] normal - Your web-browser (HTML file) MUST set this line:
[2021-02-17T16:05:11.248] [INFO] normal - [31m%s[0m connection.socketURL = "https://localhost:443/";
[2021-02-17T16:05:11.249] [INFO] normal - ------------------------------
[2021-02-17T16:05:16.218] [INFO] normal - roomList[fcfsdvfsdfcsdddddd] is :: undefined
[2021-02-17T16:05:29.089] [INFO] normal -  check-presence - roomid : 13 // true
[2021-02-17T16:05:44.276] [INFO] normal - roomList[13] is :: [object Object]
[2021-02-17T16:05:44.277] [INFO] normal - roomList[roomid][i]['userid'] : 5e488road4k // socket.userid : 5e488road4k
[2021-02-17T16:05:44.277] [INFO] normal - -- delete(i == 0)
[2021-02-17T16:05:44.278] [INFO] normal -  ---- disconnect - delete after - room user list log start ---- 
[2021-02-17T16:05:44.278] [INFO] normal -  ---- disconnect - delete after - room user list log end ---- 
[2021-02-17T16:05:44.278] [INFO] normal - roomList[13] is delete 
[2021-02-17T16:09:20.413] [DEBUG] application - debug
[2021-02-17T16:09:20.415] [INFO] application - info
[2021-02-17T16:09:20.415] [ERROR] application - error
[2021-02-17T16:09:20.416] [FATAL] application - fatal
[2021-02-17T16:09:20.982] [DEBUG] signaling - debug
[2021-02-17T16:09:20.982] [INFO] signaling - info
[2021-02-17T16:09:20.982] [ERROR] signaling - error
[2021-02-17T16:09:20.982] [FATAL] signaling - fatal
[2021-02-17T16:09:21.020] [INFO] normal - HTTP to HTTPS redirect app launched.
[2021-02-17T16:09:21.020] [INFO] normal - ------------------------------ domainURL : https://localhost:443/
[2021-02-17T16:09:21.020] [INFO] normal - socket.io is listening at:
[2021-02-17T16:09:21.020] [INFO] normal - [31m%s[0m 	https://localhost:443/
[2021-02-17T16:09:21.021] [INFO] normal - Your web-browser (HTML file) MUST set this line:
[2021-02-17T16:09:21.021] [INFO] normal - [31m%s[0m connection.socketURL = "https://localhost:443/";
[2021-02-17T16:09:21.021] [INFO] normal - ------------------------------
[2021-02-17T16:09:29.619] [INFO] normal -  check-presence - roomid : eaqd // true
[2021-02-17T16:41:16.499] [INFO] normal - roomList[eaqd] is :: [object Object]
[2021-02-17T16:41:16.500] [INFO] normal - roomList[roomid][i]['userid'] : iz0jhgabzca // socket.userid : iz0jhgabzca
[2021-02-17T16:41:16.506] [INFO] normal - -- delete(i == 0)
[2021-02-17T16:41:16.507] [INFO] normal -  ---- disconnect - delete after - room user list log start ---- 
[2021-02-17T16:41:16.507] [INFO] normal -  ---- disconnect - delete after - room user list log end ---- 
[2021-02-17T16:41:16.507] [INFO] normal - roomList[eaqd] is delete 
[2021-02-17T16:43:37.385] [INFO] normal -  check-presence - roomid : eaqd // true
[2021-02-17T16:43:43.140] [INFO] normal - roomList[eaqd] is :: [object Object]
[2021-02-17T16:43:43.140] [INFO] normal - roomList[roomid][i]['userid'] : 8xf6eynnyt5 // socket.userid : 8xf6eynnyt5
[2021-02-17T16:43:43.140] [INFO] normal - -- delete(i == 0)
[2021-02-17T16:43:43.140] [INFO] normal -  ---- disconnect - delete after - room user list log start ---- 
[2021-02-17T16:43:43.140] [INFO] normal -  ---- disconnect - delete after - room user list log end ---- 
[2021-02-17T16:43:43.141] [INFO] normal - roomList[eaqd] is delete 
[2021-02-17T16:43:50.584] [INFO] normal -  check-presence - roomid : zxc // true
[2021-02-17T16:44:04.622] [INFO] normal - roomList[zxc] is :: [object Object]
[2021-02-17T16:44:04.623] [INFO] normal - roomList[roomid][i]['userid'] : 4p1ogrzxfnd // socket.userid : 4p1ogrzxfnd
[2021-02-17T16:44:04.623] [INFO] normal - -- delete(i == 0)
[2021-02-17T16:44:04.623] [INFO] normal -  ---- disconnect - delete after - room user list log start ---- 
[2021-02-17T16:44:04.623] [INFO] normal -  ---- disconnect - delete after - room user list log end ---- 
[2021-02-17T16:44:04.623] [INFO] normal - roomList[zxc] is delete 
[2021-02-17T16:44:11.746] [INFO] normal -  check-presence - roomid : dsfsdfzsdf // true
[2021-02-17T16:44:23.058] [INFO] normal - roomList[dsfsdfzsdf] is :: [object Object]
[2021-02-17T16:44:23.059] [INFO] normal - roomList[roomid][i]['userid'] : axad7fufp34 // socket.userid : axad7fufp34
[2021-02-17T16:44:23.059] [INFO] normal - -- delete(i == 0)
[2021-02-17T16:44:23.059] [INFO] normal -  ---- disconnect - delete after - room user list log start ---- 
[2021-02-17T16:44:23.060] [INFO] normal -  ---- disconnect - delete after - room user list log end ---- 
[2021-02-17T16:44:23.060] [INFO] normal - roomList[dsfsdfzsdf] is delete 
